Using pre-set license
Built from '2020.3/staging' branch; Version is '2020.3.22f1 (e1a7f79fd887) revision 14788599'; Using compiler version '192528614'; Build Type 'Release'
OS: 'Windows 10 Pro; OS build 19042.1526; Version 2009; 64bit' Language: 'es' Physical Memory: 16342 MB
BatchMode: 1, IsHumanControllingUs: 0, StartBugReporterOnCrash: 0, Is64bit: 1, IsPro: 0

COMMAND LINE ARGUMENTS:
C:\Program Files\Unity\Hub\Editor\2020.3.22f1\Editor\Unity.exe
-adb2
-batchMode
-noUpm
-name
AssetImportWorker0
-projectPath
D:/Elian_Soria_Zamora/PMI/Trabajo_Final_Elian_Soria/Trabajo Final
-logFile
Logs/AssetImportWorker0.log
-srvPort
57734
Successfully changed project path to: D:/Elian_Soria_Zamora/PMI/Trabajo_Final_Elian_Soria/Trabajo Final
D:/Elian_Soria_Zamora/PMI/Trabajo_Final_Elian_Soria/Trabajo Final
Using Asset Import Pipeline V2.
Refreshing native plugins compatible for Editor in 78.18 ms, found 2 plugins.
Preloading 0 native plugins for Editor in 0.00 ms.
Initialize engine version: 2020.3.22f1 (e1a7f79fd887)
[Subsystems] Discovering subsystems at path C:/Program Files/Unity/Hub/Editor/2020.3.22f1/Editor/Data/Resources/UnitySubsystems
[Subsystems] Discovering subsystems at path D:/Elian_Soria_Zamora/PMI/Trabajo_Final_Elian_Soria/Trabajo Final/Assets
GfxDevice: creating device client; threaded=0
Direct3D:
    Version:  Direct3D 11.0 [level 11.1]
    Renderer: NVIDIA GeForce GTX 1650 (ID=0x1f82)
    Vendor:   
    VRAM:     3962 MB
    Driver:   27.21.14.5671
Initialize mono
Mono path[0] = 'C:/Program Files/Unity/Hub/Editor/2020.3.22f1/Editor/Data/Managed'
Mono path[1] = 'C:/Program Files/Unity/Hub/Editor/2020.3.22f1/Editor/Data/MonoBleedingEdge/lib/mono/unityjit'
Mono config path = 'C:/Program Files/Unity/Hub/Editor/2020.3.22f1/Editor/Data/MonoBleedingEdge/etc'
Using monoOptions --debugger-agent=transport=dt_socket,embedding=1,server=y,suspend=n,address=127.0.0.1:56576
Begin MonoManager ReloadAssembly
Registering precompiled unity dll's ...
Register platform support module: C:/Program Files/Unity/Hub/Editor/2020.3.22f1/Editor/Data/PlaybackEngines/WindowsStandaloneSupport/UnityEditor.WindowsStandalone.Extensions.dll
Registered in 0.002481 seconds.
Native extension for WindowsStandalone target not found
Refreshing native plugins compatible for Editor in 76.63 ms, found 2 plugins.
Preloading 0 native plugins for Editor in 0.00 ms.
Mono: successfully reloaded assembly
- Completed reload, in  1.342 seconds
Domain Reload Profiling:
	ReloadAssembly (1342ms)
		BeginReloadAssembly (64ms)
			ExecutionOrderSort (0ms)
			DisableScriptedObjects (0ms)
			BackupInstance (0ms)
			ReleaseScriptingObjects (0ms)
			CreateAndSetChildDomain (1ms)
		EndReloadAssembly (592ms)
			LoadAssemblies (62ms)
			RebuildTransferFunctionScriptingTraits (0ms)
			SetupTypeCache (193ms)
			ReleaseScriptCaches (0ms)
			RebuildScriptCaches (41ms)
			SetupLoadedEditorAssemblies (236ms)
				LogAssemblyErrors (0ms)
				InitializePlatformSupportModulesInManaged (5ms)
				SetLoadedEditorAssemblies (0ms)
				RefreshPlugins (77ms)
				BeforeProcessingInitializeOnLoad (10ms)
				ProcessInitializeOnLoadAttributes (105ms)
				ProcessInitializeOnLoadMethodAttributes (39ms)
				AfterProcessingInitializeOnLoad (0ms)
				EditorAssembliesLoaded (0ms)
			ExecutionOrderSort2 (0ms)
			AwakeInstancesAfterBackupRestoration (0ms)
Platform modules already initialized, skipping
Registering precompiled user dll's ...
Registered in 0.005174 seconds.
Begin MonoManager ReloadAssembly
Native extension for WindowsStandalone target not found
Refreshing native plugins compatible for Editor in 85.36 ms, found 2 plugins.
Preloading 0 native plugins for Editor in 0.00 ms.
Mono: successfully reloaded assembly
- Completed reload, in  1.715 seconds
Domain Reload Profiling:
	ReloadAssembly (1716ms)
		BeginReloadAssembly (189ms)
			ExecutionOrderSort (0ms)
			DisableScriptedObjects (6ms)
			BackupInstance (0ms)
			ReleaseScriptingObjects (0ms)
			CreateAndSetChildDomain (24ms)
		EndReloadAssembly (1446ms)
			LoadAssemblies (120ms)
			RebuildTransferFunctionScriptingTraits (0ms)
			SetupTypeCache (586ms)
			ReleaseScriptCaches (1ms)
			RebuildScriptCaches (63ms)
			SetupLoadedEditorAssemblies (517ms)
				LogAssemblyErrors (0ms)
				InitializePlatformSupportModulesInManaged (6ms)
				SetLoadedEditorAssemblies (1ms)
				RefreshPlugins (85ms)
				BeforeProcessingInitializeOnLoad (98ms)
				ProcessInitializeOnLoadAttributes (308ms)
				ProcessInitializeOnLoadMethodAttributes (11ms)
				AfterProcessingInitializeOnLoad (7ms)
				EditorAssembliesLoaded (0ms)
			ExecutionOrderSort2 (0ms)
			AwakeInstancesAfterBackupRestoration (8ms)
Platform modules already initialized, skipping
========================================================================
Worker process is ready to serve import requests
Launched and connected shader compiler UnityShaderCompiler.exe after 0.11 seconds
Refreshing native plugins compatible for Editor in 0.73 ms, found 2 plugins.
Preloading 0 native plugins for Editor in 0.00 ms.
Unloading 3084 Unused Serialized files (Serialized files now loaded: 0)
System memory in use before: 215.5 MB.
System memory in use after: 215.7 MB.

Unloading 22 unused Assets to reduce memory usage. Loaded Objects now: 3525.
Total: 17.385800 ms (FindLiveObjects: 0.315500 ms CreateObjectMapping: 0.241000 ms MarkObjects: 16.692900 ms  DeleteObjects: 0.134400 ms)

AssetImportParameters requested are different than current active one (requested -> active):
  custom:framework-win-MediaFoundation: 216162199b28c13a410421893ffa2e32 -> 
  custom:video-decoder-ogg-theora: a1e56fd34408186e4bbccfd4996cb3dc -> 
  custom:container-muxer-webm: aa71ff27fc2769a1b78a27578f13a17b -> 
  custom:container-demuxer-webm: 4f35f7cbe854078d1ac9338744f61a02 -> 
  custom:container-demuxer-ogg: 62fdf1f143b41e24485cea50d1cbac27 -> 
  custom:video-encoder-webm-vp8: eb34c28f22e8b96e1ab97ce403110664 -> 
  custom:video-decoder-webm-vp8: 9c59270c3fd7afecdb556c50c9e8de78 -> 
  custom:audio-decoder-ogg-vorbis: bf7c407c2cedff20999df2af8eb42d56 -> 
  custom:audio-encoder-webm-vorbis: bf7c407c2cedff20999df2af8eb42d56 -> 
========================================================================
Received Import Request.
  path: Assets/Scripts/PlayerController.cs
  artifactKey: Guid(f356ed1452ad25746bb5fe28f6723bc2) Importer(815301076,1909f56bfc062723c751e8b465ee728b)
Start importing Assets/Scripts/PlayerController.cs using Guid(f356ed1452ad25746bb5fe28f6723bc2) Importer(815301076,1909f56bfc062723c751e8b465ee728b)  -> (artifact id: '61654e7af8176f7f570d1d60e0fe4fd7') in 0.121953 seconds 
  Import took 0.128613 seconds .

========================================================================
Received Prepare
Registering precompiled user dll's ...
Registered in 0.004432 seconds.
Begin MonoManager ReloadAssembly
Native extension for WindowsStandalone target not found
Refreshing native plugins compatible for Editor in 0.65 ms, found 2 plugins.
Preloading 0 native plugins for Editor in 0.00 ms.
Mono: successfully reloaded assembly
- Completed reload, in  1.295 seconds
Domain Reload Profiling:
	ReloadAssembly (1296ms)
		BeginReloadAssembly (141ms)
			ExecutionOrderSort (0ms)
			DisableScriptedObjects (5ms)
			BackupInstance (0ms)
			ReleaseScriptingObjects (0ms)
			CreateAndSetChildDomain (42ms)
		EndReloadAssembly (1076ms)
			LoadAssemblies (113ms)
			RebuildTransferFunctionScriptingTraits (0ms)
			SetupTypeCache (390ms)
			ReleaseScriptCaches (1ms)
			RebuildScriptCaches (59ms)
			SetupLoadedEditorAssemblies (380ms)
				LogAssemblyErrors (0ms)
				InitializePlatformSupportModulesInManaged (6ms)
				SetLoadedEditorAssemblies (1ms)
				RefreshPlugins (1ms)
				BeforeProcessingInitializeOnLoad (78ms)
				ProcessInitializeOnLoadAttributes (278ms)
				ProcessInitializeOnLoadMethodAttributes (10ms)
				AfterProcessingInitializeOnLoad (7ms)
				EditorAssembliesLoaded (0ms)
			ExecutionOrderSort2 (0ms)
			AwakeInstancesAfterBackupRestoration (11ms)
Platform modules already initialized, skipping
Refreshing native plugins compatible for Editor in 0.74 ms, found 2 plugins.
Preloading 0 native plugins for Editor in 0.00 ms.
Unloading 2944 Unused Serialized files (Serialized files now loaded: 0)
System memory in use before: 205.3 MB.
System memory in use after: 205.6 MB.

Unloading 17 unused Assets to reduce memory usage. Loaded Objects now: 3527.
Total: 4.249300 ms (FindLiveObjects: 0.282700 ms CreateObjectMapping: 0.154400 ms MarkObjects: 3.744700 ms  DeleteObjects: 0.066300 ms)

AssetImportParameters requested are different than current active one (requested -> active):
  custom:framework-win-MediaFoundation: 216162199b28c13a410421893ffa2e32 -> 
  custom:video-decoder-ogg-theora: a1e56fd34408186e4bbccfd4996cb3dc -> 
  custom:container-muxer-webm: aa71ff27fc2769a1b78a27578f13a17b -> 
  custom:container-demuxer-webm: 4f35f7cbe854078d1ac9338744f61a02 -> 
  custom:container-demuxer-ogg: 62fdf1f143b41e24485cea50d1cbac27 -> 
  custom:video-encoder-webm-vp8: eb34c28f22e8b96e1ab97ce403110664 -> 
  custom:video-decoder-webm-vp8: 9c59270c3fd7afecdb556c50c9e8de78 -> 
  custom:audio-decoder-ogg-vorbis: bf7c407c2cedff20999df2af8eb42d56 -> 
  custom:audio-encoder-webm-vorbis: bf7c407c2cedff20999df2af8eb42d56 -> 
========================================================================
Received Import Request.
  Time since last request: 327.172456 seconds.
  path: Assets/Scenes/Proyecto 1.unity
  artifactKey: Guid(f0b8e1a83f4809e489b6b860d923c4b5) Importer(815301076,1909f56bfc062723c751e8b465ee728b)
Start importing Assets/Scenes/Proyecto 1.unity using Guid(f0b8e1a83f4809e489b6b860d923c4b5) Importer(815301076,1909f56bfc062723c751e8b465ee728b)  -> (artifact id: 'd5aefe9cae3b08b969ac445a9688cd63') in 0.025105 seconds 
  Import took 0.031128 seconds .

========================================================================
Received Prepare
Registering precompiled user dll's ...
Registered in 0.005172 seconds.
Begin MonoManager ReloadAssembly
Native extension for WindowsStandalone target not found
Refreshing native plugins compatible for Editor in 0.71 ms, found 2 plugins.
Preloading 0 native plugins for Editor in 0.00 ms.
Mono: successfully reloaded assembly
- Completed reload, in  1.279 seconds
Domain Reload Profiling:
	ReloadAssembly (1279ms)
		BeginReloadAssembly (136ms)
			ExecutionOrderSort (0ms)
			DisableScriptedObjects (5ms)
			BackupInstance (0ms)
			ReleaseScriptingObjects (0ms)
			CreateAndSetChildDomain (46ms)
		EndReloadAssembly (1070ms)
			LoadAssemblies (113ms)
			RebuildTransferFunctionScriptingTraits (0ms)
			SetupTypeCache (405ms)
			ReleaseScriptCaches (1ms)
			RebuildScriptCaches (55ms)
			SetupLoadedEditorAssemblies (362ms)
				LogAssemblyErrors (0ms)
				InitializePlatformSupportModulesInManaged (5ms)
				SetLoadedEditorAssemblies (0ms)
				RefreshPlugins (1ms)
				BeforeProcessingInitializeOnLoad (73ms)
				ProcessInitializeOnLoadAttributes (264ms)
				ProcessInitializeOnLoadMethodAttributes (12ms)
				AfterProcessingInitializeOnLoad (7ms)
				EditorAssembliesLoaded (0ms)
			ExecutionOrderSort2 (0ms)
			AwakeInstancesAfterBackupRestoration (11ms)
Platform modules already initialized, skipping
Refreshing native plugins compatible for Editor in 0.67 ms, found 2 plugins.
Preloading 0 native plugins for Editor in 0.00 ms.
Unloading 2944 Unused Serialized files (Serialized files now loaded: 0)
System memory in use before: 205.4 MB.
System memory in use after: 205.6 MB.

Unloading 17 unused Assets to reduce memory usage. Loaded Objects now: 3529.
Total: 4.624800 ms (FindLiveObjects: 0.493500 ms CreateObjectMapping: 0.282000 ms MarkObjects: 3.791800 ms  DeleteObjects: 0.056300 ms)

AssetImportParameters requested are different than current active one (requested -> active):
  custom:framework-win-MediaFoundation: 216162199b28c13a410421893ffa2e32 -> 
  custom:video-decoder-ogg-theora: a1e56fd34408186e4bbccfd4996cb3dc -> 
  custom:container-muxer-webm: aa71ff27fc2769a1b78a27578f13a17b -> 
  custom:container-demuxer-webm: 4f35f7cbe854078d1ac9338744f61a02 -> 
  custom:container-demuxer-ogg: 62fdf1f143b41e24485cea50d1cbac27 -> 
  custom:video-encoder-webm-vp8: eb34c28f22e8b96e1ab97ce403110664 -> 
  custom:video-decoder-webm-vp8: 9c59270c3fd7afecdb556c50c9e8de78 -> 
  custom:audio-decoder-ogg-vorbis: bf7c407c2cedff20999df2af8eb42d56 -> 
  custom:audio-encoder-webm-vorbis: bf7c407c2cedff20999df2af8eb42d56 -> 
========================================================================
Received Prepare
Registering precompiled user dll's ...
Registered in 0.004407 seconds.
Begin MonoManager ReloadAssembly
Native extension for WindowsStandalone target not found
Refreshing native plugins compatible for Editor in 0.70 ms, found 2 plugins.
Preloading 0 native plugins for Editor in 0.00 ms.
Mono: successfully reloaded assembly
- Completed reload, in  1.345 seconds
Domain Reload Profiling:
	ReloadAssembly (1346ms)
		BeginReloadAssembly (131ms)
			ExecutionOrderSort (0ms)
			DisableScriptedObjects (5ms)
			BackupInstance (0ms)
			ReleaseScriptingObjects (0ms)
			CreateAndSetChildDomain (41ms)
		EndReloadAssembly (1140ms)
			LoadAssemblies (107ms)
			RebuildTransferFunctionScriptingTraits (0ms)
			SetupTypeCache (391ms)
			ReleaseScriptCaches (1ms)
			RebuildScriptCaches (53ms)
			SetupLoadedEditorAssemblies (433ms)
				LogAssemblyErrors (0ms)
				InitializePlatformSupportModulesInManaged (5ms)
				SetLoadedEditorAssemblies (0ms)
				RefreshPlugins (1ms)
				BeforeProcessingInitializeOnLoad (76ms)
				ProcessInitializeOnLoadAttributes (319ms)
				ProcessInitializeOnLoadMethodAttributes (19ms)
				AfterProcessingInitializeOnLoad (11ms)
				EditorAssembliesLoaded (1ms)
			ExecutionOrderSort2 (0ms)
			AwakeInstancesAfterBackupRestoration (18ms)
Platform modules already initialized, skipping
Refreshing native plugins compatible for Editor in 0.72 ms, found 2 plugins.
Preloading 0 native plugins for Editor in 0.00 ms.
Unloading 2944 Unused Serialized files (Serialized files now loaded: 0)
System memory in use before: 205.4 MB.
System memory in use after: 205.6 MB.

Unloading 17 unused Assets to reduce memory usage. Loaded Objects now: 3531.
Total: 3.984300 ms (FindLiveObjects: 0.372800 ms CreateObjectMapping: 0.173100 ms MarkObjects: 3.404900 ms  DeleteObjects: 0.031800 ms)

AssetImportParameters requested are different than current active one (requested -> active):
  custom:framework-win-MediaFoundation: 216162199b28c13a410421893ffa2e32 -> 
  custom:video-decoder-ogg-theora: a1e56fd34408186e4bbccfd4996cb3dc -> 
  custom:container-muxer-webm: aa71ff27fc2769a1b78a27578f13a17b -> 
  custom:container-demuxer-webm: 4f35f7cbe854078d1ac9338744f61a02 -> 
  custom:container-demuxer-ogg: 62fdf1f143b41e24485cea50d1cbac27 -> 
  custom:video-encoder-webm-vp8: eb34c28f22e8b96e1ab97ce403110664 -> 
  custom:video-decoder-webm-vp8: 9c59270c3fd7afecdb556c50c9e8de78 -> 
  custom:audio-decoder-ogg-vorbis: bf7c407c2cedff20999df2af8eb42d56 -> 
  custom:audio-encoder-webm-vorbis: bf7c407c2cedff20999df2af8eb42d56 -> 
========================================================================
Received Prepare
Registering precompiled user dll's ...
Registered in 0.005612 seconds.
Begin MonoManager ReloadAssembly
Native extension for WindowsStandalone target not found
Refreshing native plugins compatible for Editor in 0.92 ms, found 2 plugins.
Preloading 0 native plugins for Editor in 0.00 ms.
Mono: successfully reloaded assembly
- Completed reload, in  1.283 seconds
Domain Reload Profiling:
	ReloadAssembly (1284ms)
		BeginReloadAssembly (140ms)
			ExecutionOrderSort (0ms)
			DisableScriptedObjects (5ms)
			BackupInstance (0ms)
			ReleaseScriptingObjects (0ms)
			CreateAndSetChildDomain (44ms)
		EndReloadAssembly (1057ms)
			LoadAssemblies (107ms)
			RebuildTransferFunctionScriptingTraits (0ms)
			SetupTypeCache (375ms)
			ReleaseScriptCaches (1ms)
			RebuildScriptCaches (54ms)
			SetupLoadedEditorAssemblies (386ms)
				LogAssemblyErrors (0ms)
				InitializePlatformSupportModulesInManaged (7ms)
				SetLoadedEditorAssemblies (1ms)
				RefreshPlugins (1ms)
				BeforeProcessingInitializeOnLoad (78ms)
				ProcessInitializeOnLoadAttributes (282ms)
				ProcessInitializeOnLoadMethodAttributes (10ms)
				AfterProcessingInitializeOnLoad (7ms)
				EditorAssembliesLoaded (0ms)
			ExecutionOrderSort2 (0ms)
			AwakeInstancesAfterBackupRestoration (11ms)
Platform modules already initialized, skipping
Refreshing native plugins compatible for Editor in 0.67 ms, found 2 plugins.
Preloading 0 native plugins for Editor in 0.00 ms.
Unloading 2948 Unused Serialized files (Serialized files now loaded: 0)
System memory in use before: 206.0 MB.
System memory in use after: 206.0 MB.

Unloading 18 unused Assets to reduce memory usage. Loaded Objects now: 3536.
Total: 4.683900 ms (FindLiveObjects: 0.287100 ms CreateObjectMapping: 0.152800 ms MarkObjects: 3.955800 ms  DeleteObjects: 0.287300 ms)

AssetImportParameters requested are different than current active one (requested -> active):
  custom:framework-win-MediaFoundation: 216162199b28c13a410421893ffa2e32 -> 
  custom:video-decoder-ogg-theora: a1e56fd34408186e4bbccfd4996cb3dc -> 
  custom:container-muxer-webm: aa71ff27fc2769a1b78a27578f13a17b -> 
  custom:container-demuxer-webm: 4f35f7cbe854078d1ac9338744f61a02 -> 
  custom:container-demuxer-ogg: 62fdf1f143b41e24485cea50d1cbac27 -> 
  custom:video-encoder-webm-vp8: eb34c28f22e8b96e1ab97ce403110664 -> 
  custom:video-decoder-webm-vp8: 9c59270c3fd7afecdb556c50c9e8de78 -> 
  custom:audio-decoder-ogg-vorbis: bf7c407c2cedff20999df2af8eb42d56 -> 
  custom:audio-encoder-webm-vorbis: bf7c407c2cedff20999df2af8eb42d56 -> 
========================================================================
Received Import Request.
  Time since last request: 1753.163937 seconds.
  path: Assets/UltimateCircularHealthbars/README.pdf
  artifactKey: Guid(d2847822a467e7447a30185576b3a431) Importer(815301076,1909f56bfc062723c751e8b465ee728b)
Start importing Assets/UltimateCircularHealthbars/README.pdf using Guid(d2847822a467e7447a30185576b3a431) Importer(815301076,1909f56bfc062723c751e8b465ee728b)  -> (artifact id: 'c848af67c1a66a3087d494e22123af6c') in 0.024984 seconds 
  Import took 0.030944 seconds .

========================================================================
Received Import Request.
  Time since last request: 51.561949 seconds.
  path: Assets/UltimateCircularHealthbars/Prefabs
  artifactKey: Guid(d78eaa2331dc604439fbf3be021081bb) Importer(815301076,1909f56bfc062723c751e8b465ee728b)
Start importing Assets/UltimateCircularHealthbars/Prefabs using Guid(d78eaa2331dc604439fbf3be021081bb) Importer(815301076,1909f56bfc062723c751e8b465ee728b)  -> (artifact id: 'ddff5f30874abcb93721209a332b46a1') in 0.002462 seconds 
  Import took 0.020968 seconds .

========================================================================
Received Import Request.
  Time since last request: 0.091076 seconds.
  path: Assets/UltimateCircularHealthbars/Prefabs/RadialSegmentedHealthBarImage.prefab
  artifactKey: Guid(e53516c8e8e283c4dafb546c9a444a66) Importer(815301076,1909f56bfc062723c751e8b465ee728b)
Start importing Assets/UltimateCircularHealthbars/Prefabs/RadialSegmentedHealthBarImage.prefab using Guid(e53516c8e8e283c4dafb546c9a444a66) Importer(815301076,1909f56bfc062723c751e8b465ee728b)  -> (artifact id: 'd653680017222abde2c1e622b6c27cdf') in 0.028123 seconds 
  Import took 0.037244 seconds .

========================================================================
Received Import Request.
  Time since last request: 0.000337 seconds.
  path: Assets/UltimateCircularHealthbars/Prefabs/RadialSegmentedHealthbarSprite.prefab
  artifactKey: Guid(762e8e4a6fb31294e83415f01acc0155) Importer(815301076,1909f56bfc062723c751e8b465ee728b)
Start importing Assets/UltimateCircularHealthbars/Prefabs/RadialSegmentedHealthbarSprite.prefab using Guid(762e8e4a6fb31294e83415f01acc0155) Importer(815301076,1909f56bfc062723c751e8b465ee728b)  -> (artifact id: 'f2be052331cf103a9509fe8208903824') in 0.220048 seconds 
  Import took 0.225628 seconds .

========================================================================
Received Import Request.
  Time since last request: 43.310424 seconds.
  path: Assets/UltimateCircularHealthbars/DemoScene/DemoScene.unity
  artifactKey: Guid(333541bc52d0aff4292f5cb73239828b) Importer(815301076,1909f56bfc062723c751e8b465ee728b)
Start importing Assets/UltimateCircularHealthbars/DemoScene/DemoScene.unity using Guid(333541bc52d0aff4292f5cb73239828b) Importer(815301076,1909f56bfc062723c751e8b465ee728b)  -> (artifact id: '905ae15b149f65b4cb9fb6ec7db449de') in 0.003191 seconds 
  Import took 0.009465 seconds .

========================================================================
Received Prepare
Registering precompiled user dll's ...
Registered in 0.004696 seconds.
Begin MonoManager ReloadAssembly
Native extension for WindowsStandalone target not found
Refreshing native plugins compatible for Editor in 0.70 ms, found 2 plugins.
Preloading 0 native plugins for Editor in 0.00 ms.
Mono: successfully reloaded assembly
- Completed reload, in  1.259 seconds
Domain Reload Profiling:
	ReloadAssembly (1259ms)
		BeginReloadAssembly (148ms)
			ExecutionOrderSort (0ms)
			DisableScriptedObjects (7ms)
			BackupInstance (0ms)
			ReleaseScriptingObjects (0ms)
			CreateAndSetChildDomain (45ms)
		EndReloadAssembly (1041ms)
			LoadAssemblies (104ms)
			RebuildTransferFunctionScriptingTraits (0ms)
			SetupTypeCache (365ms)
			ReleaseScriptCaches (1ms)
			RebuildScriptCaches (55ms)
			SetupLoadedEditorAssemblies (355ms)
				LogAssemblyErrors (0ms)
				InitializePlatformSupportModulesInManaged (5ms)
				SetLoadedEditorAssemblies (1ms)
				RefreshPlugins (1ms)
				BeforeProcessingInitializeOnLoad (72ms)
				ProcessInitializeOnLoadAttributes (259ms)
				ProcessInitializeOnLoadMethodAttributes (10ms)
				AfterProcessingInitializeOnLoad (7ms)
				EditorAssembliesLoaded (0ms)
			ExecutionOrderSort2 (0ms)
			AwakeInstancesAfterBackupRestoration (21ms)
Platform modules already initialized, skipping
Refreshing native plugins compatible for Editor in 0.66 ms, found 2 plugins.
Preloading 0 native plugins for Editor in 0.00 ms.
Unloading 2948 Unused Serialized files (Serialized files now loaded: 0)
System memory in use before: 211.2 MB.
System memory in use after: 211.2 MB.

Unloading 18 unused Assets to reduce memory usage. Loaded Objects now: 3583.
Total: 4.886800 ms (FindLiveObjects: 0.293900 ms CreateObjectMapping: 0.166100 ms MarkObjects: 4.196600 ms  DeleteObjects: 0.228800 ms)

AssetImportParameters requested are different than current active one (requested -> active):
  custom:framework-win-MediaFoundation: 216162199b28c13a410421893ffa2e32 -> 
  custom:video-decoder-ogg-theora: a1e56fd34408186e4bbccfd4996cb3dc -> 
  custom:container-muxer-webm: aa71ff27fc2769a1b78a27578f13a17b -> 
  custom:container-demuxer-webm: 4f35f7cbe854078d1ac9338744f61a02 -> 
  custom:container-demuxer-ogg: 62fdf1f143b41e24485cea50d1cbac27 -> 
  custom:video-encoder-webm-vp8: eb34c28f22e8b96e1ab97ce403110664 -> 
  custom:video-decoder-webm-vp8: 9c59270c3fd7afecdb556c50c9e8de78 -> 
  custom:audio-decoder-ogg-vorbis: bf7c407c2cedff20999df2af8eb42d56 -> 
  custom:audio-encoder-webm-vorbis: bf7c407c2cedff20999df2af8eb42d56 -> 
========================================================================
Received Import Request.
  Time since last request: 19.005387 seconds.
  path: Assets/UltimateCircularHealthbars/DemoScene/Scripts
  artifactKey: Guid(8bafcfb99f2b3934fab339f8316c184f) Importer(815301076,1909f56bfc062723c751e8b465ee728b)
Start importing Assets/UltimateCircularHealthbars/DemoScene/Scripts using Guid(8bafcfb99f2b3934fab339f8316c184f) Importer(815301076,1909f56bfc062723c751e8b465ee728b)  -> (artifact id: '26da28c295c4f9658b374b9dedc1a9fa') in 0.006196 seconds 
  Import took 0.012435 seconds .

========================================================================
Received Import Request.
  Time since last request: 1.119914 seconds.
  path: Assets/UltimateCircularHealthbars/DemoScene/Scripts/Example.cs
  artifactKey: Guid(ac1d3fe243520c94997d996c77c4ca8f) Importer(815301076,1909f56bfc062723c751e8b465ee728b)
Start importing Assets/UltimateCircularHealthbars/DemoScene/Scripts/Example.cs using Guid(ac1d3fe243520c94997d996c77c4ca8f) Importer(815301076,1909f56bfc062723c751e8b465ee728b)  -> (artifact id: 'bb77c6a65a23469966a0f9292070258c') in 0.001398 seconds 
  Import took 0.007452 seconds .

========================================================================
Received Prepare
Registering precompiled user dll's ...
Registered in 0.005335 seconds.
Begin MonoManager ReloadAssembly
Native extension for WindowsStandalone target not found
Refreshing native plugins compatible for Editor in 0.75 ms, found 2 plugins.
Preloading 0 native plugins for Editor in 0.00 ms.
Mono: successfully reloaded assembly
- Completed reload, in  1.446 seconds
Domain Reload Profiling:
	ReloadAssembly (1447ms)
		BeginReloadAssembly (143ms)
			ExecutionOrderSort (0ms)
			DisableScriptedObjects (5ms)
			BackupInstance (0ms)
			ReleaseScriptingObjects (0ms)
			CreateAndSetChildDomain (41ms)
		EndReloadAssembly (1231ms)
			LoadAssemblies (120ms)
			RebuildTransferFunctionScriptingTraits (0ms)
			SetupTypeCache (413ms)
			ReleaseScriptCaches (1ms)
			RebuildScriptCaches (85ms)
			SetupLoadedEditorAssemblies (398ms)
				LogAssemblyErrors (0ms)
				InitializePlatformSupportModulesInManaged (5ms)
				SetLoadedEditorAssemblies (1ms)
				RefreshPlugins (1ms)
				BeforeProcessingInitializeOnLoad (95ms)
				ProcessInitializeOnLoadAttributes (280ms)
				ProcessInitializeOnLoadMethodAttributes (10ms)
				AfterProcessingInitializeOnLoad (7ms)
				EditorAssembliesLoaded (0ms)
			ExecutionOrderSort2 (0ms)
			AwakeInstancesAfterBackupRestoration (19ms)
Platform modules already initialized, skipping
Refreshing native plugins compatible for Editor in 0.68 ms, found 2 plugins.
Preloading 0 native plugins for Editor in 0.00 ms.
Unloading 2948 Unused Serialized files (Serialized files now loaded: 0)
System memory in use before: 211.2 MB.
System memory in use after: 211.2 MB.

Unloading 18 unused Assets to reduce memory usage. Loaded Objects now: 3585.
Total: 4.530400 ms (FindLiveObjects: 0.328700 ms CreateObjectMapping: 0.187500 ms MarkObjects: 3.757700 ms  DeleteObjects: 0.255200 ms)

AssetImportParameters requested are different than current active one (requested -> active):
  custom:framework-win-MediaFoundation: 216162199b28c13a410421893ffa2e32 -> 
  custom:video-decoder-ogg-theora: a1e56fd34408186e4bbccfd4996cb3dc -> 
  custom:container-muxer-webm: aa71ff27fc2769a1b78a27578f13a17b -> 
  custom:container-demuxer-webm: 4f35f7cbe854078d1ac9338744f61a02 -> 
  custom:container-demuxer-ogg: 62fdf1f143b41e24485cea50d1cbac27 -> 
  custom:video-encoder-webm-vp8: eb34c28f22e8b96e1ab97ce403110664 -> 
  custom:video-decoder-webm-vp8: 9c59270c3fd7afecdb556c50c9e8de78 -> 
  custom:audio-decoder-ogg-vorbis: bf7c407c2cedff20999df2af8eb42d56 -> 
  custom:audio-encoder-webm-vorbis: bf7c407c2cedff20999df2af8eb42d56 -> 
========================================================================
Received Import Request.
  Time since last request: 84.072746 seconds.
  path: Assets/UltimateCircularHealthbars/DemoScene
  artifactKey: Guid(7e9671af27b5d5f4ba3e4d3367180e47) Importer(815301076,1909f56bfc062723c751e8b465ee728b)
Start importing Assets/UltimateCircularHealthbars/DemoScene using Guid(7e9671af27b5d5f4ba3e4d3367180e47) Importer(815301076,1909f56bfc062723c751e8b465ee728b)  -> (artifact id: 'a792de96c0c77c7aba6546bba13aebd9') in 0.006168 seconds 
  Import took 0.012926 seconds .

========================================================================
Received Import Request.
  Time since last request: 0.427054 seconds.
  path: Assets/UltimateCircularHealthbars/Resources
  artifactKey: Guid(1e75c09f4841c4546a683d218d6110b3) Importer(815301076,1909f56bfc062723c751e8b465ee728b)
Start importing Assets/UltimateCircularHealthbars/Resources using Guid(1e75c09f4841c4546a683d218d6110b3) Importer(815301076,1909f56bfc062723c751e8b465ee728b)  -> (artifact id: '965d4e6cd7614c14d5739af6c82937d8') in 0.002677 seconds 
  Import took 0.009243 seconds .

========================================================================
Received Import Request.
  Time since last request: 1.558508 seconds.
  path: Assets/UltimateCircularHealthbars/Scripts
  artifactKey: Guid(b0abb04459526f346b382422705b0b50) Importer(815301076,1909f56bfc062723c751e8b465ee728b)
Start importing Assets/UltimateCircularHealthbars/Scripts using Guid(b0abb04459526f346b382422705b0b50) Importer(815301076,1909f56bfc062723c751e8b465ee728b)  -> (artifact id: '9c0b8924f534239166504dbcca527aef') in 0.001589 seconds 
  Import took 0.010455 seconds .

========================================================================
Received Import Request.
  Time since last request: 0.489590 seconds.
  path: Assets/UltimateCircularHealthbars/Resources/placeholderSprite.png
  artifactKey: Guid(66b369c9e75e56c41bfcbf7596bfe102) Importer(815301076,1909f56bfc062723c751e8b465ee728b)
Start importing Assets/UltimateCircularHealthbars/Resources/placeholderSprite.png using Guid(66b369c9e75e56c41bfcbf7596bfe102) Importer(815301076,1909f56bfc062723c751e8b465ee728b)  -> (artifact id: '035208500d1079a0d5a7256fe2acded7') in 0.098446 seconds 
  Import took 0.104648 seconds .

========================================================================
Received Import Request.
  Time since last request: 0.000329 seconds.
  path: Assets/UltimateCircularHealthbars/Resources/RadialSegmentedHealthBarMaterial.mat
  artifactKey: Guid(398f6cbade773684685c88a9e31c0d76) Importer(815301076,1909f56bfc062723c751e8b465ee728b)
Start importing Assets/UltimateCircularHealthbars/Resources/RadialSegmentedHealthBarMaterial.mat using Guid(398f6cbade773684685c88a9e31c0d76) Importer(815301076,1909f56bfc062723c751e8b465ee728b)  -> (artifact id: '42c5f927b4d23ca46d9fff0328ca8924') in 0.186636 seconds 
  Import took 0.192565 seconds .

========================================================================
Received Import Request.
  Time since last request: 0.000259 seconds.
  path: Assets/UltimateCircularHealthbars/Resources/placeholderSpriteOld.png
  artifactKey: Guid(c5d4eabbe15054445832af19a8d090c1) Importer(815301076,1909f56bfc062723c751e8b465ee728b)
Start importing Assets/UltimateCircularHealthbars/Resources/placeholderSpriteOld.png using Guid(c5d4eabbe15054445832af19a8d090c1) Importer(815301076,1909f56bfc062723c751e8b465ee728b)  -> (artifact id: 'c7079057b8fc16162faae9e0dd69f8a4') in 0.009449 seconds 
  Import took 0.015095 seconds .

========================================================================
Received Import Request.
  Time since last request: 0.000261 seconds.
  path: Assets/UltimateCircularHealthbars/Resources/RadialSegmentedHealthBarBuiltInMaterial.mat
  artifactKey: Guid(6172c6662c83d2741a2ec4b95413398e) Importer(815301076,1909f56bfc062723c751e8b465ee728b)
Start importing Assets/UltimateCircularHealthbars/Resources/RadialSegmentedHealthBarBuiltInMaterial.mat using Guid(6172c6662c83d2741a2ec4b95413398e) Importer(815301076,1909f56bfc062723c751e8b465ee728b)  -> (artifact id: 'd78b6be03c1b748349236ab6307ecf6a') in 0.016189 seconds 
  Import took 0.022311 seconds .

========================================================================
Received Import Request.
  Time since last request: 17.026077 seconds.
  path: Assets/Scenes/Proyecto 1.unity
  artifactKey: Guid(f0b8e1a83f4809e489b6b860d923c4b5) Importer(815301076,1909f56bfc062723c751e8b465ee728b)
Start importing Assets/Scenes/Proyecto 1.unity using Guid(f0b8e1a83f4809e489b6b860d923c4b5) Importer(815301076,1909f56bfc062723c751e8b465ee728b)  -> (artifact id: '8738395ecafe618cdfabe8cb0bc3b902') in 0.002223 seconds 
  Import took 0.008345 seconds .

========================================================================
Received Prepare
Registering precompiled user dll's ...
Registered in 0.004556 seconds.
Begin MonoManager ReloadAssembly
Native extension for WindowsStandalone target not found
Refreshing native plugins compatible for Editor in 0.69 ms, found 2 plugins.
Preloading 0 native plugins for Editor in 0.00 ms.
Mono: successfully reloaded assembly
- Completed reload, in  1.474 seconds
Domain Reload Profiling:
	ReloadAssembly (1474ms)
		BeginReloadAssembly (152ms)
			ExecutionOrderSort (0ms)
			DisableScriptedObjects (8ms)
			BackupInstance (0ms)
			ReleaseScriptingObjects (0ms)
			CreateAndSetChildDomain (46ms)
		EndReloadAssembly (1247ms)
			LoadAssemblies (125ms)
			RebuildTransferFunctionScriptingTraits (0ms)
			SetupTypeCache (411ms)
			ReleaseScriptCaches (1ms)
			RebuildScriptCaches (53ms)
			SetupLoadedEditorAssemblies (483ms)
				LogAssemblyErrors (0ms)
				InitializePlatformSupportModulesInManaged (5ms)
				SetLoadedEditorAssemblies (1ms)
				RefreshPlugins (1ms)
				BeforeProcessingInitializeOnLoad (78ms)
				ProcessInitializeOnLoadAttributes (378ms)
				ProcessInitializeOnLoadMethodAttributes (13ms)
				AfterProcessingInitializeOnLoad (7ms)
				EditorAssembliesLoaded (0ms)
			ExecutionOrderSort2 (0ms)
			AwakeInstancesAfterBackupRestoration (20ms)
Platform modules already initialized, skipping
Refreshing native plugins compatible for Editor in 0.73 ms, found 2 plugins.
Preloading 0 native plugins for Editor in 0.00 ms.
Unloading 2949 Unused Serialized files (Serialized files now loaded: 0)
System memory in use before: 211.9 MB.
System memory in use after: 212.2 MB.

Unloading 17 unused Assets to reduce memory usage. Loaded Objects now: 3661.
Total: 4.132600 ms (FindLiveObjects: 0.331800 ms CreateObjectMapping: 0.151800 ms MarkObjects: 3.613100 ms  DeleteObjects: 0.034800 ms)

AssetImportParameters requested are different than current active one (requested -> active):
  custom:framework-win-MediaFoundation: 216162199b28c13a410421893ffa2e32 -> 
  custom:video-decoder-ogg-theora: a1e56fd34408186e4bbccfd4996cb3dc -> 
  custom:container-muxer-webm: aa71ff27fc2769a1b78a27578f13a17b -> 
  custom:container-demuxer-webm: 4f35f7cbe854078d1ac9338744f61a02 -> 
  custom:container-demuxer-ogg: 62fdf1f143b41e24485cea50d1cbac27 -> 
  custom:video-encoder-webm-vp8: eb34c28f22e8b96e1ab97ce403110664 -> 
  custom:video-decoder-webm-vp8: 9c59270c3fd7afecdb556c50c9e8de78 -> 
  custom:audio-decoder-ogg-vorbis: bf7c407c2cedff20999df2af8eb42d56 -> 
  custom:audio-encoder-webm-vorbis: bf7c407c2cedff20999df2af8eb42d56 -> 
========================================================================
Received Import Request.
  Time since last request: 96.871455 seconds.
  path: Assets/UltimateCircularHealthbars/ShaderGraphs
  artifactKey: Guid(ff601a4d2597d1c48b11cde3a2780113) Importer(815301076,1909f56bfc062723c751e8b465ee728b)
Start importing Assets/UltimateCircularHealthbars/ShaderGraphs using Guid(ff601a4d2597d1c48b11cde3a2780113) Importer(815301076,1909f56bfc062723c751e8b465ee728b)  -> (artifact id: '3a5541fe6c09742616535b24c81562b7') in 0.005659 seconds 
  Import took 0.012460 seconds .

========================================================================
Received Import Request.
  Time since last request: 0.275249 seconds.
  path: Assets/UltimateCircularHealthbars/Shaders
  artifactKey: Guid(dd388f8130539db439eb1d271cbac28f) Importer(815301076,1909f56bfc062723c751e8b465ee728b)
Start importing Assets/UltimateCircularHealthbars/Shaders using Guid(dd388f8130539db439eb1d271cbac28f) Importer(815301076,1909f56bfc062723c751e8b465ee728b)  -> (artifact id: '1a0096f6dd29069f4e3f2f5508b81960') in 0.001788 seconds 
  Import took 0.007660 seconds .

========================================================================
Received Import Request.
  Time since last request: 10.359412 seconds.
  path: Assets/UltimateCircularHealthbars/Scripts/ISegmentedHealthBar.cs
  artifactKey: Guid(c80f7bd0928499f4fa77839c4f96f556) Importer(815301076,1909f56bfc062723c751e8b465ee728b)
Start importing Assets/UltimateCircularHealthbars/Scripts/ISegmentedHealthBar.cs using Guid(c80f7bd0928499f4fa77839c4f96f556) Importer(815301076,1909f56bfc062723c751e8b465ee728b)  -> (artifact id: 'cbda7abca8307dba5a98791873edaf3b') in 0.001678 seconds 
  Import took 0.007642 seconds .

========================================================================
Received Import Request.
  Time since last request: 1.644076 seconds.
  path: Assets/UltimateCircularHealthbars/Scripts/UltimateCircularHealthBar.cs
  artifactKey: Guid(5e7c211f26e4e1443be7aa191596ed81) Importer(815301076,1909f56bfc062723c751e8b465ee728b)
Start importing Assets/UltimateCircularHealthbars/Scripts/UltimateCircularHealthBar.cs using Guid(5e7c211f26e4e1443be7aa191596ed81) Importer(815301076,1909f56bfc062723c751e8b465ee728b)  -> (artifact id: '3fbe17427507e2ffc5086473ba1ae078') in 0.001442 seconds 
  Import took 0.007235 seconds .

========================================================================
Received Prepare
Registering precompiled user dll's ...
Registered in 0.004711 seconds.
Begin MonoManager ReloadAssembly
Native extension for WindowsStandalone target not found
Refreshing native plugins compatible for Editor in 0.73 ms, found 2 plugins.
Preloading 0 native plugins for Editor in 0.00 ms.
Mono: successfully reloaded assembly
- Completed reload, in  1.522 seconds
Domain Reload Profiling:
	ReloadAssembly (1523ms)
		BeginReloadAssembly (134ms)
			ExecutionOrderSort (0ms)
			DisableScriptedObjects (6ms)
			BackupInstance (0ms)
			ReleaseScriptingObjects (0ms)
			CreateAndSetChildDomain (41ms)
		EndReloadAssembly (1312ms)
			LoadAssemblies (180ms)
			RebuildTransferFunctionScriptingTraits (0ms)
			SetupTypeCache (423ms)
			ReleaseScriptCaches (1ms)
			RebuildScriptCaches (63ms)
			SetupLoadedEditorAssemblies (384ms)
				LogAssemblyErrors (0ms)
				InitializePlatformSupportModulesInManaged (5ms)
				SetLoadedEditorAssemblies (1ms)
				RefreshPlugins (1ms)
				BeforeProcessingInitializeOnLoad (78ms)
				ProcessInitializeOnLoadAttributes (281ms)
				ProcessInitializeOnLoadMethodAttributes (10ms)
				AfterProcessingInitializeOnLoad (8ms)
				EditorAssembliesLoaded (0ms)
			ExecutionOrderSort2 (0ms)
			AwakeInstancesAfterBackupRestoration (20ms)
Platform modules already initialized, skipping
Refreshing native plugins compatible for Editor in 0.67 ms, found 2 plugins.
Preloading 0 native plugins for Editor in 0.00 ms.
Unloading 2947 Unused Serialized files (Serialized files now loaded: 0)
System memory in use before: 211.6 MB.
System memory in use after: 211.9 MB.

Unloading 17 unused Assets to reduce memory usage. Loaded Objects now: 3663.
Total: 4.758900 ms (FindLiveObjects: 0.324700 ms CreateObjectMapping: 0.171100 ms MarkObjects: 4.234800 ms  DeleteObjects: 0.027100 ms)

AssetImportParameters requested are different than current active one (requested -> active):
  custom:framework-win-MediaFoundation: 216162199b28c13a410421893ffa2e32 -> 
  custom:video-decoder-ogg-theora: a1e56fd34408186e4bbccfd4996cb3dc -> 
  custom:container-muxer-webm: aa71ff27fc2769a1b78a27578f13a17b -> 
  custom:container-demuxer-webm: 4f35f7cbe854078d1ac9338744f61a02 -> 
  custom:container-demuxer-ogg: 62fdf1f143b41e24485cea50d1cbac27 -> 
  custom:video-encoder-webm-vp8: eb34c28f22e8b96e1ab97ce403110664 -> 
  custom:video-decoder-webm-vp8: 9c59270c3fd7afecdb556c50c9e8de78 -> 
  custom:audio-decoder-ogg-vorbis: bf7c407c2cedff20999df2af8eb42d56 -> 
  custom:audio-encoder-webm-vorbis: bf7c407c2cedff20999df2af8eb42d56 -> 
AssetImportWorkerClient::OnTransportError - code=2 error=End of file
